Sep 28, 2025 10:18:26 AM com.google.cloud.datastore.emulator.firestore.websocket.WebSocketServer start
INFO: Started WebSocket server on ws://127.0.0.1:9150
API endpoint: http://127.0.0.1:8080
If you are using a library that supports the FIRESTORE_EMULATOR_HOST environment variable, run:

   export FIRESTORE_EMULATOR_HOST=127.0.0.1:8080

If you are running a Firestore in Datastore Mode project, run:

   export DATASTORE_EMULATOR_HOST=127.0.0.1:8080

Note: Support for Datastore Mode is in preview. If you encounter any bugs please file at https://github.com/firebase/firebase-tools/issues.
Dev App Server is now running.

Sep 28, 2025 10:18:28 AM io.gapi.emulators.netty.HttpVersionRoutingHandler channelRead
INFO: Detected HTTP/2 connection.
Sep 28, 2025 10:18:30 AM com.google.cloud.datastore.emulator.impl.util.WrappedStreamObserver onError
WARNING: Operation failed: Error compiling rules:
L29:11 Missing 'match' keyword before path.
L30:7 Unexpected 'rules_version'.
L30:7 mismatched input 'rules_version' expecting {'{', '/', PATH_SEGMENT}
L146:43 Unexpected '='.
L146:57 mismatched input ')' expecting {'&&', '.', '==', '>', '>=', '[', '<', '<=', '-', '%', '!=', '||', '+', ')', '/', '*', '?', 'in', 'is'}
L152:37 Unexpected '='.
L155:7 Unexpected '}'.
com.google.cloud.datastore.core.exception.DatastoreException: Error compiling rules:
L29:11 Missing 'match' keyword before path.
L30:7 Unexpected 'rules_version'.
L30:7 mismatched input 'rules_version' expecting {'{', '/', PATH_SEGMENT}
L146:43 Unexpected '='.
L146:57 mismatched input ')' expecting {'&&', '.', '==', '>', '>=', '[', '<', '<=', '-', '%', '!=', '||', '+', ')', '/', '*', '?', 'in', 'is'}
L152:37 Unexpected '='.
L155:7 Unexpected '}'.
	at com.google.cloud.datastore.emulator.impl.rules.EmulatorRulesCompiler$CompilerException.asDatastoreException(EmulatorRulesCompiler.java:120)
	at com.google.cloud.datastore.emulator.impl.rules.EmulatorRulesCompiler$EmulatorCompilationResult.checkCompilationSucceeded(EmulatorRulesCompiler.java:79)
	at com.google.cloud.datastore.emulator.impl.rules.EmulatorRulesCompiler$EmulatorCompilationResult.getAuthorizer(EmulatorRulesCompiler.java:72)
	at com.google.cloud.datastore.emulator.impl.firestore.FirestoreEmulatorHelper.commitHelper(FirestoreEmulatorHelper.java:360)
	at com.google.cloud.datastore.emulator.impl.firestore.FirestoreEmulatorHelper.internalCommit(FirestoreEmulatorHelper.java:314)
	at com.google.cloud.datastore.emulator.impl.firestore.CloudFirestoreV1.commit(CloudFirestoreV1.java:528)
	at com.google.cloud.datastore.emulator.impl.firestore.CloudFirestoreV1Router.commit(CloudFirestoreV1Router.java:175)
	at com.google.cloud.datastore.emulator.firestore.v1.FirestoreV1GrpcAdapter$1.lambda$commit$8(FirestoreV1GrpcAdapter.java:162)
	at com.google.cloud.datastore.emulator.firestore.v1.FirestoreV1GrpcAdapter.unary(FirestoreV1GrpcAdapter.java:72)
	at com.google.cloud.datastore.emulator.firestore.v1.FirestoreV1GrpcAdapter$1.commit(FirestoreV1GrpcAdapter.java:162)
	at com.google.firestore.v1.FirestoreGrpc$MethodHandlers.invoke(FirestoreGrpc.java:1234)
	at io.grpc.stub.ServerCalls$UnaryServerCallHandler$UnaryServerCallListener.onHalfClose(ServerCalls.java:182)
	at io.grpc.PartialForwardingServerCallListener.onHalfClose(PartialForwardingServerCallListener.java:35)
	at io.grpc.ForwardingServerCallListener.onHalfClose(ForwardingServerCallListener.java:23)
	at io.grpc.ForwardingServerCallListener$SimpleForwardingServerCallListener.onHalfClose(ForwardingServerCallListener.java:40)
	at io.grpc.Contexts$ContextualizedServerCallListener.onHalfClose(Contexts.java:86)
	at io.grpc.PartialForwardingServerCallListener.onHalfClose(PartialForwardingServerCallListener.java:35)
	at io.grpc.ForwardingServerCallListener.onHalfClose(ForwardingServerCallListener.java:23)
	at io.grpc.ForwardingServerCallListener$SimpleForwardingServerCallListener.onHalfClose(ForwardingServerCallListener.java:40)
	at io.grpc.Contexts$ContextualizedServerCallListener.onHalfClose(Contexts.java:86)
	at io.grpc.internal.ServerCallImpl$ServerStreamListenerImpl.halfClosed(ServerCallImpl.java:356)
	at io.grpc.internal.ServerImpl$JumpToApplicationThreadServerStreamListener$1HalfClosed.runInContext(ServerImpl.java:861)
	at io.grpc.internal.ContextRunnable.run(ContextRunnable.java:37)
	at io.grpc.internal.SerializingExecutor.run(SerializingExecutor.java:133)
	at java.base/java.util.concurrent.ThreadPoolExecutor.runWorker(ThreadPoolExecutor.java:1130)
	at java.base/java.util.concurrent.ThreadPoolExecutor$Worker.run(ThreadPoolExecutor.java:630)
	at java.base/java.lang.Thread.run(Thread.java:831)
Caused by: com.google.cloud.datastore.emulator.impl.rules.AutoValue_EmulatorRulesCompiler_CompilerException
	at com.google.cloud.datastore.emulator.impl.rules.EmulatorRulesCompiler$CompilerException.of(EmulatorRulesCompiler.java:106)
	... 26 more

Sep 28, 2025 10:18:34 AM io.gapi.emulators.netty.HttpVersionRoutingHandler channelRead
INFO: Detected HTTP/2 connection.
Sep 28, 2025 10:18:34 AM com.google.cloud.datastore.emulator.impl.util.WrappedStreamObserver onError
WARNING: Operation failed: Error compiling rules:
L29:11 Missing 'match' keyword before path.
L30:7 Unexpected 'rules_version'.
L30:7 mismatched input 'rules_version' expecting {'{', '/', PATH_SEGMENT}
L146:43 Unexpected '='.
L146:57 mismatched input ')' expecting {'&&', '.', '==', '>', '>=', '[', '<', '<=', '-', '%', '!=', '||', '+', ')', '/', '*', '?', 'in', 'is'}
L152:37 Unexpected '='.
L155:7 Unexpected '}'.
com.google.cloud.datastore.core.exception.DatastoreException: Error compiling rules:
L29:11 Missing 'match' keyword before path.
L30:7 Unexpected 'rules_version'.
L30:7 mismatched input 'rules_version' expecting {'{', '/', PATH_SEGMENT}
L146:43 Unexpected '='.
L146:57 mismatched input ')' expecting {'&&', '.', '==', '>', '>=', '[', '<', '<=', '-', '%', '!=', '||', '+', ')', '/', '*', '?', 'in', 'is'}
L152:37 Unexpected '='.
L155:7 Unexpected '}'.
	at com.google.cloud.datastore.emulator.impl.rules.EmulatorRulesCompiler$CompilerException.asDatastoreException(EmulatorRulesCompiler.java:120)
	at com.google.cloud.datastore.emulator.impl.rules.EmulatorRulesCompiler$EmulatorCompilationResult.checkCompilationSucceeded(EmulatorRulesCompiler.java:79)
	at com.google.cloud.datastore.emulator.impl.rules.EmulatorRulesCompiler$EmulatorCompilationResult.getAuthorizer(EmulatorRulesCompiler.java:72)
	at com.google.cloud.datastore.emulator.impl.firestore.FirestoreEmulatorHelper.commitHelper(FirestoreEmulatorHelper.java:360)
	at com.google.cloud.datastore.emulator.impl.firestore.FirestoreEmulatorHelper.internalCommit(FirestoreEmulatorHelper.java:314)
	at com.google.cloud.datastore.emulator.impl.firestore.CloudFirestoreV1.commit(CloudFirestoreV1.java:528)
	at com.google.cloud.datastore.emulator.impl.firestore.CloudFirestoreV1Router.commit(CloudFirestoreV1Router.java:175)
	at com.google.cloud.datastore.emulator.firestore.v1.FirestoreV1GrpcAdapter$1.lambda$commit$8(FirestoreV1GrpcAdapter.java:162)
	at com.google.cloud.datastore.emulator.firestore.v1.FirestoreV1GrpcAdapter.unary(FirestoreV1GrpcAdapter.java:72)
	at com.google.cloud.datastore.emulator.firestore.v1.FirestoreV1GrpcAdapter$1.commit(FirestoreV1GrpcAdapter.java:162)
	at com.google.firestore.v1.FirestoreGrpc$MethodHandlers.invoke(FirestoreGrpc.java:1234)
	at io.grpc.stub.ServerCalls$UnaryServerCallHandler$UnaryServerCallListener.onHalfClose(ServerCalls.java:182)
	at io.grpc.PartialForwardingServerCallListener.onHalfClose(PartialForwardingServerCallListener.java:35)
	at io.grpc.ForwardingServerCallListener.onHalfClose(ForwardingServerCallListener.java:23)
	at io.grpc.ForwardingServerCallListener$SimpleForwardingServerCallListener.onHalfClose(ForwardingServerCallListener.java:40)
	at io.grpc.Contexts$ContextualizedServerCallListener.onHalfClose(Contexts.java:86)
	at io.grpc.PartialForwardingServerCallListener.onHalfClose(PartialForwardingServerCallListener.java:35)
	at io.grpc.ForwardingServerCallListener.onHalfClose(ForwardingServerCallListener.java:23)
	at io.grpc.ForwardingServerCallListener$SimpleForwardingServerCallListener.onHalfClose(ForwardingServerCallListener.java:40)
	at io.grpc.Contexts$ContextualizedServerCallListener.onHalfClose(Contexts.java:86)
	at io.grpc.internal.ServerCallImpl$ServerStreamListenerImpl.halfClosed(ServerCallImpl.java:356)
	at io.grpc.internal.ServerImpl$JumpToApplicationThreadServerStreamListener$1HalfClosed.runInContext(ServerImpl.java:861)
	at io.grpc.internal.ContextRunnable.run(ContextRunnable.java:37)
	at io.grpc.internal.SerializingExecutor.run(SerializingExecutor.java:133)
	at java.base/java.util.concurrent.ThreadPoolExecutor.runWorker(ThreadPoolExecutor.java:1130)
	at java.base/java.util.concurrent.ThreadPoolExecutor$Worker.run(ThreadPoolExecutor.java:630)
	at java.base/java.lang.Thread.run(Thread.java:831)
Caused by: com.google.cloud.datastore.emulator.impl.rules.AutoValue_EmulatorRulesCompiler_CompilerException
	at com.google.cloud.datastore.emulator.impl.rules.EmulatorRulesCompiler$CompilerException.of(EmulatorRulesCompiler.java:106)
	... 26 more

Sep 28, 2025 10:18:39 AM io.gapi.emulators.netty.HttpVersionRoutingHandler channelRead
INFO: Detected non-HTTP/2 connection.
Sep 28, 2025 10:18:39 AM io.gapi.emulators.netty.HttpVersionRoutingHandler channelRead
INFO: Detected HTTP/2 connection.
Sep 28, 2025 10:18:39 AM com.google.cloud.datastore.emulator.impl.util.WrappedStreamObserver onError
WARNING: Operation failed: Error compiling rules:
L29:11 Missing 'match' keyword before path.
L30:7 Unexpected 'rules_version'.
L30:7 mismatched input 'rules_version' expecting {'{', '/', PATH_SEGMENT}
L146:43 Unexpected '='.
L146:57 mismatched input ')' expecting {'&&', '.', '==', '>', '>=', '[', '<', '<=', '-', '%', '!=', '||', '+', ')', '/', '*', '?', 'in', 'is'}
L152:37 Unexpected '='.
L155:7 Unexpected '}'.
com.google.cloud.datastore.core.exception.DatastoreException: Error compiling rules:
L29:11 Missing 'match' keyword before path.
L30:7 Unexpected 'rules_version'.
L30:7 mismatched input 'rules_version' expecting {'{', '/', PATH_SEGMENT}
L146:43 Unexpected '='.
L146:57 mismatched input ')' expecting {'&&', '.', '==', '>', '>=', '[', '<', '<=', '-', '%', '!=', '||', '+', ')', '/', '*', '?', 'in', 'is'}
L152:37 Unexpected '='.
L155:7 Unexpected '}'.
	at com.google.cloud.datastore.emulator.impl.rules.EmulatorRulesCompiler$CompilerException.asDatastoreException(EmulatorRulesCompiler.java:120)
	at com.google.cloud.datastore.emulator.impl.rules.EmulatorRulesCompiler$EmulatorCompilationResult.checkCompilationSucceeded(EmulatorRulesCompiler.java:79)
	at com.google.cloud.datastore.emulator.impl.rules.EmulatorRulesCompiler$EmulatorCompilationResult.getAuthorizer(EmulatorRulesCompiler.java:72)
	at com.google.cloud.datastore.emulator.impl.firestore.FirestoreEmulatorHelper.commitHelper(FirestoreEmulatorHelper.java:360)
	at com.google.cloud.datastore.emulator.impl.firestore.FirestoreEmulatorHelper.internalCommit(FirestoreEmulatorHelper.java:314)
	at com.google.cloud.datastore.emulator.impl.firestore.CloudFirestoreV1.internalCommit(CloudFirestoreV1.java:1077)
	at com.google.cloud.datastore.emulator.impl.firestore.CloudFirestoreV1.updateDocument(CloudFirestoreV1.java:458)
	at com.google.cloud.datastore.emulator.impl.firestore.CloudFirestoreV1Router.updateDocument(CloudFirestoreV1Router.java:149)
	at com.google.cloud.datastore.emulator.firestore.v1.FirestoreV1GrpcAdapter$1.lambda$updateDocument$4(FirestoreV1GrpcAdapter.java:132)
	at com.google.cloud.datastore.emulator.firestore.v1.FirestoreV1GrpcAdapter.unary(FirestoreV1GrpcAdapter.java:72)
	at com.google.cloud.datastore.emulator.firestore.v1.FirestoreV1GrpcAdapter$1.updateDocument(FirestoreV1GrpcAdapter.java:132)
	at com.google.firestore.v1.FirestoreGrpc$MethodHandlers.invoke(FirestoreGrpc.java:1218)
	at io.grpc.stub.ServerCalls$UnaryServerCallHandler$UnaryServerCallListener.onHalfClose(ServerCalls.java:182)
	at io.grpc.PartialForwardingServerCallListener.onHalfClose(PartialForwardingServerCallListener.java:35)
	at io.grpc.ForwardingServerCallListener.onHalfClose(ForwardingServerCallListener.java:23)
	at io.grpc.ForwardingServerCallListener$SimpleForwardingServerCallListener.onHalfClose(ForwardingServerCallListener.java:40)
	at io.grpc.Contexts$ContextualizedServerCallListener.onHalfClose(Contexts.java:86)
	at io.grpc.PartialForwardingServerCallListener.onHalfClose(PartialForwardingServerCallListener.java:35)
	at io.grpc.ForwardingServerCallListener.onHalfClose(ForwardingServerCallListener.java:23)
	at io.grpc.ForwardingServerCallListener$SimpleForwardingServerCallListener.onHalfClose(ForwardingServerCallListener.java:40)
	at io.grpc.Contexts$ContextualizedServerCallListener.onHalfClose(Contexts.java:86)
	at io.grpc.internal.ServerCallImpl$ServerStreamListenerImpl.halfClosed(ServerCallImpl.java:356)
	at io.grpc.internal.ServerImpl$JumpToApplicationThreadServerStreamListener$1HalfClosed.runInContext(ServerImpl.java:861)
	at io.grpc.internal.ContextRunnable.run(ContextRunnable.java:37)
	at io.grpc.internal.SerializingExecutor.run(SerializingExecutor.java:133)
	at java.base/java.util.concurrent.ThreadPoolExecutor.runWorker(ThreadPoolExecutor.java:1130)
	at java.base/java.util.concurrent.ThreadPoolExecutor$Worker.run(ThreadPoolExecutor.java:630)
	at java.base/java.lang.Thread.run(Thread.java:831)
Caused by: com.google.cloud.datastore.emulator.impl.rules.AutoValue_EmulatorRulesCompiler_CompilerException
	at com.google.cloud.datastore.emulator.impl.rules.EmulatorRulesCompiler$CompilerException.of(EmulatorRulesCompiler.java:106)
	... 27 more

Sep 28, 2025 10:18:39 AM io.gapi.emulators.netty.HttpHandler$1 onError
INFO: Exception when handling request: INVALID_ARGUMENT: Error compiling rules:
L29:11 Missing 'match' keyword before path.
L30:7 Unexpected 'rules_version'.
L30:7 mismatched input 'rules_version' expecting {'{', '/', PATH_SEGMENT}
L146:43 Unexpected '='.
L146:57 mismatched input ')' expecting {'&&', '.', '==', '>', '>=', '[', '<', '<=', '-', '%', '!=', '||', '+', ')', '/', '*', '?', 'in', 'is'}
L152:37 Unexpected '='.
L155:7 Unexpected '}'.
Sep 28, 2025 10:22:12 AM io.gapi.emulators.netty.HttpVersionRoutingHandler channelRead
INFO: Detected non-HTTP/2 connection.
Sep 28, 2025 10:26:35 AM io.gapi.emulators.netty.HttpVersionRoutingHandler channelRead
INFO: Detected non-HTTP/2 connection.
Sep 28, 2025 10:26:58 AM io.gapi.emulators.netty.HttpVersionRoutingHandler channelRead
INFO: Detected non-HTTP/2 connection.
Sep 28, 2025 10:27:28 AM io.gapi.emulators.netty.HttpVersionRoutingHandler channelRead
INFO: Detected non-HTTP/2 connection.
Sep 28, 2025 10:27:41 AM io.gapi.emulators.netty.HttpVersionRoutingHandler channelRead
INFO: Detected non-HTTP/2 connection.
Sep 28, 2025 10:27:59 AM io.gapi.emulators.netty.HttpVersionRoutingHandler channelRead
INFO: Detected non-HTTP/2 connection.
Sep 28, 2025 10:58:36 AM io.gapi.emulators.netty.HttpVersionRoutingHandler channelRead
INFO: Detected non-HTTP/2 connection.
Sep 28, 2025 10:58:36 AM io.gapi.emulators.netty.HttpVersionRoutingHandler channelRead
INFO: Detected HTTP/2 connection.
*** shutting down gRPC server since JVM is shutting down
*** server shut down
